beta-7变化
新的配置：
1.增加daemonize配置，即后台运行，默认是no（如果开启，会生成/var/log/ledis.pid文件）。
新功能：
1.
修改BUG：
1.list结构的len，由int改成了unsigned int。
代码调整：
1.在所有程序文件顶部，更新了新版的版权说明信息。
2.benchmark增加了PING命令的测试。

beta-6变化
新的配置：
1.增加slaveof，即从服务器可以配置主服务器的ip和port。
2.增加glueoutputbuf，即合并推送要返回client的消息，默认开启。
新功能：
1.主从复制。（原理是一开始从直接复制主的dump文件，然后当主进行了修改后，模拟TCP-Client给所有的从，发相同的command，让从自己再次执行，不太可靠）
2.benchmark性能测试程序。
修改BUG：无，但基本都随着command的修改都改了一遍。
代码调整：
1.anet增加了nonblock的client选项，同时也开启了REUSEADDR选项。
2.anetTcpServer的backlog参数由5提高到32。
3.dict增加了dictEmpty函数，即清空并析构指定的dict（内部原来就有实现，只是未公开）。
4.ae增加了aeWait函数，指定fd使用select系统调用查看是否就绪，并可以传入timeout。
5.ledis增加了hash新类型，增加了obj池子的最大数目限制。
6.client结构的argv字段，类型由字符串数组，改成obj指针的数组。
7.精简了hash相关实现，无论是key还是val，以后都是obj形式封装，不会再直接是sds。
8.针对上一条，修改了所有的command函数的细节，主要是dict的key/val以及返回reply。

beta-5变化
代码调整：
1.只修改了sdscatprintf函数的va_start/end的位置（每轮尝试扩展都会重新生成）

beta-4变化
新的配置：
1.增加了port配置（默认6379）
2.增加了bind配置（默认通配所有）
新功能：无
修改BUG：
1.修改了setnx命令，如果已有值，则不会增加dirty值。
2.如果del不成功，则返回zero而不是ok。
3.initServer函数放到加载conf文件之后再进行，否则dbnum永远都是16个默认。
代码调整：
1.为各种类型的错误err封装成了obj，不再写死字面量。
2.修改所有带nx参数的命令，如果不存在，成功操作统一返回one，已存在则返回zero之类的信息，而不是明显的错误文字。
3.setnx命令，如果已有值，返回zero而不是返回ok。
4.move命令如果没有key或者目标已存在，返回zero而不是错误，如果成功返回one而不是ok。
5.sadd命令成功返回one，已存在则返回zero，而不是原来的ok。
6.srem命令不存在key则返回zero，而不是错误信息，成功删除返回one，没找到元素则返回zero，而不是ok。
7.sinter和smembers命令，如果参数key不存在，则退出并返回nil，而不是错误信息。

beta-3变化（主文件只有redis.c发生了变化，增加了新的命令）
1.增加了自己的Changelog文件。
2.修改了randomKey的BUG。
3.修改了如果saveDb失败，不会删除临时文件的BUG。
4.增加了新的数据类型set，本质是只有key没有val的dict。
5.增加了type，lset，sadd，srem，scard,sismember命令。
6.增加了针对新set类型的save/load配套相关功能。

beta-2变化
1.增加了基于ruby的演示客户端
2.修改了部分README文字
3.修改了saveDb和loadDb，对所有val的sds类型加入了长度非0判断，即sdslen返回0则只写长度为0,字符串不写入文件，读取的时候也是还原一个sdslen为0的sds结构